00:06:16.199 [http-nio-8080-exec-2] INFO  c.e.f.h.s.i.S3FileHandleServiceImpl - List of files method
00:06:46.465 [http-nio-8080-exec-8] INFO  c.e.f.h.s.i.S3FileHandleServiceImpl - List of files method
00:09:01.675 [http-nio-8080-exec-6] INFO  c.e.f.h.s.i.S3FileHandleServiceImpl - List of files method
00:15:37.814 [http-nio-8080-exec-1] INFO  c.e.f.h.s.i.S3FileHandleServiceImpl - List of files method
00:32:23.983 [http-nio-8080-exec-7] INFO  c.e.f.h.s.i.S3FileHandleServiceImpl - List of files method
00:48:45.816 [http-nio-8080-exec-10] INFO  c.e.f.h.s.i.S3FileHandleServiceImpl - List of files method
00:49:43.453 [http-nio-8080-exec-2] INFO  c.e.f.h.s.i.S3FileHandleServiceImpl - List of files method
01:01:47.165 [http-nio-8080-exec-4] INFO  c.e.f.h.s.i.S3FileHandleServiceImpl - List of files method
01:05:31.969 [http-nio-8080-exec-5] INFO  c.e.f.h.s.i.S3FileHandleServiceImpl - List of files method
01:05:52.870 [http-nio-8080-exec-1] INFO  c.e.f.h.s.i.S3FileHandleServiceImpl - Upload file method
01:05:55.129 [http-nio-8080-exec-1] INFO  c.e.f.h.s.i.S3FileHandleServiceImpl - Uploaded successfully
01:08:01.201 [http-nio-8080-exec-7] INFO  c.e.f.h.s.i.S3FileHandleServiceImpl - List of files method
01:08:08.813 [http-nio-8080-exec-3] INFO  c.e.f.h.s.i.S3FileHandleServiceImpl - Upload file method
01:08:11.318 [http-nio-8080-exec-3] INFO  c.e.f.h.s.i.S3FileHandleServiceImpl - Uploaded successfully
01:08:11.463 [http-nio-8080-exec-10] INFO  c.e.f.h.s.i.S3FileHandleServiceImpl - List of files method
01:08:33.831 [http-nio-8080-exec-2] INFO  c.e.f.h.s.i.S3FileHandleServiceImpl - Upload file method
01:08:41.779 [http-nio-8080-exec-2] INFO  c.e.f.h.s.i.S3FileHandleServiceImpl - Uploaded successfully
01:08:41.890 [http-nio-8080-exec-8] INFO  c.e.f.h.s.i.S3FileHandleServiceImpl - List of files method
01:08:58.706 [http-nio-8080-exec-4] INFO  c.e.f.h.s.i.S3FileHandleServiceImpl - Upload file method
01:09:07.410 [http-nio-8080-exec-4] INFO  c.e.f.h.s.i.S3FileHandleServiceImpl - Uploaded successfully
01:09:07.536 [http-nio-8080-exec-6] INFO  c.e.f.h.s.i.S3FileHandleServiceImpl - List of files method
01:09:42.478 [http-nio-8080-exec-5] INFO  c.e.f.h.s.i.S3FileHandleServiceImpl - Upload file method
01:09:52.352 [http-nio-8080-exec-5] INFO  c.e.f.h.s.i.S3FileHandleServiceImpl - Uploaded successfully
01:09:52.480 [http-nio-8080-exec-1] INFO  c.e.f.h.s.i.S3FileHandleServiceImpl - List of files method
01:10:45.449 [http-nio-8080-exec-9] INFO  c.e.f.h.s.i.GCPFileHandleServiceImpl - List of files method
01:30:30.594 [http-nio-8080-exec-3] INFO  c.e.f.h.s.i.S3FileHandleServiceImpl - List of files method
01:30:39.520 [http-nio-8080-exec-10] INFO  c.e.f.h.s.i.S3FileHandleServiceImpl - List of files method
01:31:46.219 [http-nio-8080-exec-8] INFO  c.e.f.h.s.i.S3FileHandleServiceImpl - List of files method
01:31:54.132 [http-nio-8080-exec-4] INFO  c.e.f.h.s.i.S3FileHandleServiceImpl - List of files method
01:32:03.499 [http-nio-8080-exec-6] INFO  c.e.f.h.s.i.S3FileHandleServiceImpl - List of files method
01:33:50.756 [http-nio-8080-exec-1] INFO  c.e.f.h.s.i.S3FileHandleServiceImpl - List of files method
01:34:17.793 [http-nio-8080-exec-9] INFO  c.e.f.h.s.i.S3FileHandleServiceImpl - Upload file method
01:34:27.211 [http-nio-8080-exec-9] INFO  c.e.f.h.s.i.S3FileHandleServiceImpl - Uploaded successfully
01:34:27.316 [http-nio-8080-exec-7] INFO  c.e.f.h.s.i.S3FileHandleServiceImpl - List of files method
01:35:26.545 [http-nio-8080-exec-3] INFO  c.e.f.h.s.i.GCPFileHandleServiceImpl - List of files method
01:35:35.451 [http-nio-8080-exec-10] INFO  c.e.f.h.s.i.GCPFileHandleServiceImpl - Upload file method
01:35:41.828 [http-nio-8080-exec-10] INFO  c.e.f.h.s.i.GCPFileHandleServiceImpl - Uploaded successfully
01:35:41.938 [http-nio-8080-exec-2] INFO  c.e.f.h.s.i.GCPFileHandleServiceImpl - List of files method
01:35:56.112 [http-nio-8080-exec-8] INFO  c.e.f.h.s.i.GCPFileHandleServiceImpl - List of files method
