15:52:09.480 [main] INFO  c.e.f.handle.FileUploadApplication - Starting FileUploadApplication using Java 17.0.2 with PID 15600 (E:\Projects\file-handle\File-Handle-Spring-Boot\target\classes started by tines in E:\Projects\file-handle\File-Handle-Spring-Boot)
15:52:09.494 [main] INFO  c.e.f.handle.FileUploadApplication - No active profile set, falling back to 1 default profile: "default"
15:52:13.389 [main] INFO  o.s.b.w.e.tomcat.TomcatWebServer - Tomcat initialized with port 8080 (http)
15:52:13.410 [main] INFO  o.a.coyote.http11.Http11NioProtocol - Initializing ProtocolHandler ["http-nio-8080"]
15:52:13.416 [main] INFO  o.a.catalina.core.StandardService - Starting service [Tomcat]
15:52:13.416 [main] INFO  o.a.catalina.core.StandardEngine - Starting Servlet engine: [Apache Tomcat/10.1.16]
15:52:13.749 [main] INFO  o.a.c.c.C.[Tomcat].[localhost].[/] - Initializing Spring embedded WebApplicationContext
15:52:13.751 [main] INFO  o.s.b.w.s.c.ServletWebServerApplicationContext - Root WebApplicationContext: initialization completed in 3968 ms
15:52:17.355 [main] INFO  o.a.coyote.http11.Http11NioProtocol - Starting ProtocolHandler ["http-nio-8080"]
15:52:17.403 [main] INFO  o.s.b.w.e.tomcat.TomcatWebServer - Tomcat started on port 8080 (http) with context path ''
15:52:17.429 [main] INFO  c.e.f.handle.FileUploadApplication - Started FileUploadApplication in 9.024 seconds (process running for 12.046)
15:52:22.884 [http-nio-8080-exec-1] INFO  o.a.c.c.C.[Tomcat].[localhost].[/] - Initializing Spring DispatcherServlet 'dispatcherServlet'
15:52:22.885 [http-nio-8080-exec-1] INFO  o.s.web.servlet.DispatcherServlet - Initializing Servlet 'dispatcherServlet'
15:52:22.887 [http-nio-8080-exec-1] INFO  o.s.web.servlet.DispatcherServlet - Completed initialization in 2 ms
15:52:24.614 [http-nio-8080-exec-9] INFO  o.s.api.AbstractOpenApiResource - Init duration for springdoc-openapi is: 561 ms
15:52:48.200 [http-nio-8080-exec-3] INFO  c.e.f.h.s.i.S3FileHandleServiceImpl - List of files method
15:56:28.818 [http-nio-8080-exec-7] INFO  c.e.f.h.s.i.GCPFileHandleServiceImpl - Upload file method
15:56:30.332 [http-nio-8080-exec-7] INFO  c.e.f.h.s.i.GCPFileHandleServiceImpl - Uploaded successfully
16:04:12.741 [main] INFO  c.e.f.handle.FileUploadApplication - Starting FileUploadApplication using Java 17.0.2 with PID 5060 (E:\Projects\file-handle\File-Handle-Spring-Boot\target\classes started by tines in E:\Projects\file-handle\File-Handle-Spring-Boot)
16:04:12.747 [main] INFO  c.e.f.handle.FileUploadApplication - No active profile set, falling back to 1 default profile: "default"
16:04:16.892 [main] INFO  o.s.b.w.e.tomcat.TomcatWebServer - Tomcat initialized with port 8080 (http)
16:04:16.912 [main] INFO  o.a.coyote.http11.Http11NioProtocol - Initializing ProtocolHandler ["http-nio-8080"]
16:04:16.918 [main] INFO  o.a.catalina.core.StandardService - Starting service [Tomcat]
16:04:16.919 [main] INFO  o.a.catalina.core.StandardEngine - Starting Servlet engine: [Apache Tomcat/10.1.16]
16:04:17.268 [main] INFO  o.a.c.c.C.[Tomcat].[localhost].[/] - Initializing Spring embedded WebApplicationContext
16:04:17.269 [main] INFO  o.s.b.w.s.c.ServletWebServerApplicationContext - Root WebApplicationContext: initialization completed in 4359 ms
16:04:20.703 [main] INFO  o.a.coyote.http11.Http11NioProtocol - Starting ProtocolHandler ["http-nio-8080"]
16:04:20.752 [main] INFO  o.s.b.w.e.tomcat.TomcatWebServer - Tomcat started on port 8080 (http) with context path ''
16:04:20.778 [main] INFO  c.e.f.handle.FileUploadApplication - Started FileUploadApplication in 9.134 seconds (process running for 11.617)
16:04:56.061 [http-nio-8080-exec-1] INFO  o.a.c.c.C.[Tomcat].[localhost].[/] - Initializing Spring DispatcherServlet 'dispatcherServlet'
16:04:56.061 [http-nio-8080-exec-1] INFO  o.s.web.servlet.DispatcherServlet - Initializing Servlet 'dispatcherServlet'
16:04:56.067 [http-nio-8080-exec-1] INFO  o.s.web.servlet.DispatcherServlet - Completed initialization in 6 ms
16:04:56.202 [http-nio-8080-exec-1] INFO  c.e.f.h.s.i.GCPFileHandleServiceImpl - Upload file method
16:04:58.526 [http-nio-8080-exec-1] INFO  c.e.f.h.s.i.GCPFileHandleServiceImpl - Uploaded successfully
16:09:42.714 [http-nio-8080-exec-3] INFO  c.e.f.h.s.i.GCPFileHandleServiceImpl - Upload file method
16:09:53.699 [http-nio-8080-exec-3] INFO  c.e.f.h.s.i.GCPFileHandleServiceImpl - Uploaded successfully
16:16:12.111 [http-nio-8080-exec-5] INFO  c.e.f.h.s.i.GCPFileHandleServiceImpl - Upload file method
16:16:25.416 [http-nio-8080-exec-5] INFO  c.e.f.h.s.i.GCPFileHandleServiceImpl - Uploaded successfully
16:44:43.310 [http-nio-8080-exec-7] INFO  c.e.f.h.s.i.GCPFileHandleServiceImpl - Upload file method
16:44:50.843 [http-nio-8080-exec-7] INFO  c.e.f.h.s.i.GCPFileHandleServiceImpl - Uploaded successfully
16:48:06.010 [http-nio-8080-exec-9] INFO  c.e.f.h.s.i.GCPFileHandleServiceImpl - Upload file method
16:48:07.297 [http-nio-8080-exec-9] INFO  c.e.f.h.s.i.GCPFileHandleServiceImpl - Uploaded successfully
17:00:04.743 [http-nio-8080-exec-1] INFO  c.e.f.h.s.i.GCPFileHandleServiceImpl - Upload file method
17:00:14.883 [http-nio-8080-exec-1] INFO  c.e.f.h.s.i.GCPFileHandleServiceImpl - Uploaded successfully
17:05:14.332 [http-nio-8080-exec-3] INFO  c.e.f.h.s.i.GCPFileHandleServiceImpl - Upload file method
17:05:26.515 [http-nio-8080-exec-3] INFO  c.e.f.h.s.i.GCPFileHandleServiceImpl - Uploaded successfully
17:06:03.429 [http-nio-8080-exec-4] INFO  c.e.f.h.s.i.GCPFileHandleServiceImpl - Upload file method
17:06:05.696 [http-nio-8080-exec-4] INFO  c.e.f.h.s.i.GCPFileHandleServiceImpl - Uploaded successfully
17:30:16.714 [http-nio-8080-exec-8] WARN  o.s.w.s.m.s.DefaultHandlerExceptionResolver - Resolved [org.springframework.web.bind.MissingServletRequestParameterException: Required request parameter 'serviceType' for method parameter type ServiceType is not present]
17:30:17.316 [http-nio-8080-exec-9] WARN  o.s.w.s.m.s.DefaultHandlerExceptionResolver - Resolved [org.springframework.web.bind.MissingServletRequestParameterException: Required request parameter 'serviceType' for method parameter type ServiceType is not present]
17:31:38.615 [http-nio-8080-exec-10] INFO  c.e.f.h.s.i.GCPFileHandleServiceImpl - List of files method
17:50:30.614 [http-nio-8080-exec-2] INFO  c.e.f.h.s.i.GCPFileHandleServiceImpl - List of files method
17:50:30.618 [http-nio-8080-exec-3] INFO  c.e.f.h.s.i.GCPFileHandleServiceImpl - List of files method
17:52:31.234 [http-nio-8080-exec-6] INFO  c.e.f.h.s.i.GCPFileHandleServiceImpl - List of files method
17:52:41.393 [http-nio-8080-exec-8] INFO  c.e.f.h.s.i.GCPFileHandleServiceImpl - Download file method
17:53:34.748 [http-nio-8080-exec-10] INFO  c.e.f.h.s.i.S3FileHandleServiceImpl - List of files method
17:53:40.372 [http-nio-8080-exec-1] INFO  c.e.f.h.s.i.S3FileHandleServiceImpl - Download file method
17:59:01.436 [http-nio-8080-exec-4] INFO  c.e.f.h.s.i.GCPFileHandleServiceImpl - List of files method
17:59:08.498 [http-nio-8080-exec-6] INFO  c.e.f.h.s.i.GCPFileHandleServiceImpl - List of files method
17:59:16.777 [http-nio-8080-exec-9] INFO  c.e.f.h.s.i.GCPFileHandleServiceImpl - Delete file method
17:59:17.169 [http-nio-8080-exec-9] ERROR c.e.f.h.s.i.GCPFileHandleServiceImpl - File is not found : Cannot invoke "com.google.cloud.storage.Blob.delete(com.google.cloud.storage.Blob$BlobSourceOption[])" because "blob" is null
18:00:04.448 [http-nio-8080-exec-10] INFO  c.e.f.h.s.i.GCPFileHandleServiceImpl - List of files method
18:00:11.910 [http-nio-8080-exec-2] INFO  c.e.f.h.s.i.GCPFileHandleServiceImpl - Delete file method
18:00:12.319 [http-nio-8080-exec-2] INFO  c.e.f.h.s.i.GCPFileHandleServiceImpl - Deleted successfully
18:00:12.338 [http-nio-8080-exec-4] INFO  c.e.f.h.s.i.GCPFileHandleServiceImpl - List of files method
18:00:14.502 [http-nio-8080-exec-7] INFO  c.e.f.h.s.i.GCPFileHandleServiceImpl - Delete file method
18:00:14.729 [http-nio-8080-exec-7] INFO  c.e.f.h.s.i.GCPFileHandleServiceImpl - Deleted successfully
18:00:14.758 [http-nio-8080-exec-8] INFO  c.e.f.h.s.i.GCPFileHandleServiceImpl - List of files method
18:00:16.124 [http-nio-8080-exec-10] INFO  c.e.f.h.s.i.GCPFileHandleServiceImpl - Delete file method
18:00:16.315 [http-nio-8080-exec-10] INFO  c.e.f.h.s.i.GCPFileHandleServiceImpl - Deleted successfully
18:00:16.336 [http-nio-8080-exec-3] INFO  c.e.f.h.s.i.GCPFileHandleServiceImpl - List of files method
18:00:17.228 [http-nio-8080-exec-2] INFO  c.e.f.h.s.i.GCPFileHandleServiceImpl - Delete file method
18:00:17.415 [http-nio-8080-exec-2] INFO  c.e.f.h.s.i.GCPFileHandleServiceImpl - Deleted successfully
18:00:17.436 [http-nio-8080-exec-4] INFO  c.e.f.h.s.i.GCPFileHandleServiceImpl - List of files method
18:00:18.343 [http-nio-8080-exec-6] INFO  c.e.f.h.s.i.GCPFileHandleServiceImpl - Delete file method
18:00:18.532 [http-nio-8080-exec-6] INFO  c.e.f.h.s.i.GCPFileHandleServiceImpl - Deleted successfully
18:00:18.560 [http-nio-8080-exec-7] INFO  c.e.f.h.s.i.GCPFileHandleServiceImpl - List of files method
18:00:19.636 [http-nio-8080-exec-9] INFO  c.e.f.h.s.i.GCPFileHandleServiceImpl - Delete file method
18:00:19.833 [http-nio-8080-exec-9] INFO  c.e.f.h.s.i.GCPFileHandleServiceImpl - Deleted successfully
18:00:19.859 [http-nio-8080-exec-10] INFO  c.e.f.h.s.i.GCPFileHandleServiceImpl - List of files method
18:00:20.515 [http-nio-8080-exec-1] INFO  c.e.f.h.s.i.GCPFileHandleServiceImpl - Delete file method
18:00:20.748 [http-nio-8080-exec-1] INFO  c.e.f.h.s.i.GCPFileHandleServiceImpl - Deleted successfully
18:00:20.794 [http-nio-8080-exec-2] INFO  c.e.f.h.s.i.GCPFileHandleServiceImpl - List of files method
18:00:21.286 [http-nio-8080-exec-5] INFO  c.e.f.h.s.i.GCPFileHandleServiceImpl - Delete file method
18:00:21.484 [http-nio-8080-exec-5] INFO  c.e.f.h.s.i.GCPFileHandleServiceImpl - Deleted successfully
18:00:21.503 [http-nio-8080-exec-6] INFO  c.e.f.h.s.i.GCPFileHandleServiceImpl - List of files method
18:00:21.789 [http-nio-8080-exec-8] INFO  c.e.f.h.s.i.GCPFileHandleServiceImpl - Delete file method
18:00:21.974 [http-nio-8080-exec-8] INFO  c.e.f.h.s.i.GCPFileHandleServiceImpl - Deleted successfully
18:00:22.006 [http-nio-8080-exec-9] INFO  c.e.f.h.s.i.GCPFileHandleServiceImpl - List of files method
18:00:22.458 [http-nio-8080-exec-10] INFO  c.e.f.h.s.i.GCPFileHandleServiceImpl - Download file method
18:00:22.712 [http-nio-8080-exec-10] WARN  o.a.coyote.http11.Http11Processor - The HTTP response header [Content-Disposition] with value [attachment; filename="‪+94 70 212 6273‬ 20180208_215032.jpg"] has been removed from the response because it is invalid
java.lang.IllegalArgumentException: The Unicode character [‪] at code point [8,234] cannot be encoded as it is outside the permitted range of 0 to 255
	at org.apache.tomcat.util.buf.MessageBytes.toBytesSimple(MessageBytes.java:310)
	at org.apache.tomcat.util.buf.MessageBytes.toBytes(MessageBytes.java:283)
	at org.apache.coyote.http11.Http11OutputBuffer.write(Http11OutputBuffer.java:389)
	at org.apache.coyote.http11.Http11OutputBuffer.sendHeader(Http11OutputBuffer.java:368)
	at org.apache.coyote.http11.Http11Processor.prepareResponse(Http11Processor.java:1049)
	at org.apache.coyote.AbstractProcessor.action(AbstractProcessor.java:377)
	at org.apache.coyote.Response.action(Response.java:208)
	at org.apache.coyote.http11.Http11OutputBuffer.doWrite(Http11OutputBuffer.java:187)
	at org.apache.coyote.Response.doWrite(Response.java:616)
	at org.apache.catalina.connector.OutputBuffer.realWriteBytes(OutputBuffer.java:331)
	at org.apache.catalina.connector.OutputBuffer.appendByteArray(OutputBuffer.java:743)
	at org.apache.catalina.connector.OutputBuffer.append(OutputBuffer.java:670)
	at org.apache.catalina.connector.OutputBuffer.writeBytes(OutputBuffer.java:379)
	at org.apache.catalina.connector.OutputBuffer.write(OutputBuffer.java:357)
	at org.apache.catalina.connector.CoyoteOutputStream.write(CoyoteOutputStream.java:97)
	at java.base/java.io.ByteArrayInputStream.transferTo(ByteArrayInputStream.java:208)
	at org.springframework.http.converter.ResourceHttpMessageConverter.writeContent(ResourceHttpMessageConverter.java:149)
	at org.springframework.http.converter.ResourceHttpMessageConverter.writeInternal(ResourceHttpMessageConverter.java:138)
	at org.springframework.http.converter.ResourceHttpMessageConverter.writeInternal(ResourceHttpMessageConverter.java:46)
	at org.springframework.http.converter.AbstractHttpMessageConverter.write(AbstractHttpMessageConverter.java:236)
	at org.springframework.web.servlet.mvc.method.annotation.AbstractMessageConverterMethodProcessor.writeWithMessageConverters(AbstractMessageConverterMethodProcessor.java:300)
	at org.springframework.web.servlet.mvc.method.annotation.HttpEntityMethodProcessor.handleReturnValue(HttpEntityMethodProcessor.java:245)
	at org.springframework.web.method.support.HandlerMethodReturnValueHandlerComposite.handleReturnValue(HandlerMethodReturnValueHandlerComposite.java:78)
	at org.springframework.web.servlet.mvc.method.annotation.ServletInvocableHandlerMethod.invokeAndHandle(ServletInvocableHandlerMethod.java:136)
	at org.springframework.web.servlet.mvc.method.annotation.RequestMappingHandlerAdapter.invokeHandlerMethod(RequestMappingHandlerAdapter.java:917)
	at org.springframework.web.servlet.mvc.method.annotation.RequestMappingHandlerAdapter.handleInternal(RequestMappingHandlerAdapter.java:829)
	at org.springframework.web.servlet.mvc.method.AbstractHandlerMethodAdapter.handle(AbstractHandlerMethodAdapter.java:87)
	at org.springframework.web.servlet.DispatcherServlet.doDispatch(DispatcherServlet.java:1089)
	at org.springframework.web.servlet.DispatcherServlet.doService(DispatcherServlet.java:979)
	at org.springframework.web.servlet.FrameworkServlet.processRequest(FrameworkServlet.java:1014)
	at org.springframework.web.servlet.FrameworkServlet.doGet(FrameworkServlet.java:903)
	at jakarta.servlet.http.HttpServlet.service(HttpServlet.java:564)
	at org.springframework.web.servlet.FrameworkServlet.service(FrameworkServlet.java:885)
	at jakarta.servlet.http.HttpServlet.service(HttpServlet.java:658)
	at org.apache.catalina.core.ApplicationFilterChain.internalDoFilter(ApplicationFilterChain.java:205)
	at org.apache.catalina.core.ApplicationFilterChain.doFilter(ApplicationFilterChain.java:149)
	at org.apache.tomcat.websocket.server.WsFilter.doFilter(WsFilter.java:51)
	at org.apache.catalina.core.ApplicationFilterChain.internalDoFilter(ApplicationFilterChain.java:174)
	at org.apache.catalina.core.ApplicationFilterChain.doFilter(ApplicationFilterChain.java:149)
	at org.springframework.web.filter.CorsFilter.doFilterInternal(CorsFilter.java:91)
	at org.springframework.web.filter.OncePerRequestFilter.doFilter(OncePerRequestFilter.java:116)
	at org.apache.catalina.core.ApplicationFilterChain.internalDoFilter(ApplicationFilterChain.java:174)
	at org.apache.catalina.core.ApplicationFilterChain.doFilter(ApplicationFilterChain.java:149)
	at org.springframework.web.filter.RequestContextFilter.doFilterInternal(RequestContextFilter.java:100)
	at org.springframework.web.filter.OncePerRequestFilter.doFilter(OncePerRequestFilter.java:116)
	at org.apache.catalina.core.ApplicationFilterChain.internalDoFilter(ApplicationFilterChain.java:174)
	at org.apache.catalina.core.ApplicationFilterChain.doFilter(ApplicationFilterChain.java:149)
	at org.springframework.web.filter.FormContentFilter.doFilterInternal(FormContentFilter.java:93)
	at org.springframework.web.filter.OncePerRequestFilter.doFilter(OncePerRequestFilter.java:116)
	at org.apache.catalina.core.ApplicationFilterChain.internalDoFilter(ApplicationFilterChain.java:174)
	at org.apache.catalina.core.ApplicationFilterChain.doFilter(ApplicationFilterChain.java:149)
	at org.springframework.web.filter.CharacterEncodingFilter.doFilterInternal(CharacterEncodingFilter.java:201)
	at org.springframework.web.filter.OncePerRequestFilter.doFilter(OncePerRequestFilter.java:116)
	at org.apache.catalina.core.ApplicationFilterChain.internalDoFilter(ApplicationFilterChain.java:174)
	at org.apache.catalina.core.ApplicationFilterChain.doFilter(ApplicationFilterChain.java:149)
	at org.apache.catalina.core.StandardWrapperValve.invoke(StandardWrapperValve.java:167)
	at org.apache.catalina.core.StandardContextValve.invoke(StandardContextValve.java:90)
	at org.apache.catalina.authenticator.AuthenticatorBase.invoke(AuthenticatorBase.java:482)
	at org.apache.catalina.core.StandardHostValve.invoke(StandardHostValve.java:115)
	at org.apache.catalina.valves.ErrorReportValve.invoke(ErrorReportValve.java:93)
	at org.apache.catalina.core.StandardEngineValve.invoke(StandardEngineValve.java:74)
	at org.apache.catalina.connector.CoyoteAdapter.service(CoyoteAdapter.java:340)
	at org.apache.coyote.http11.Http11Processor.service(Http11Processor.java:391)
	at org.apache.coyote.AbstractProcessorLight.process(AbstractProcessorLight.java:63)
	at org.apache.coyote.AbstractProtocol$ConnectionHandler.process(AbstractProtocol.java:896)
	at org.apache.tomcat.util.net.NioEndpoint$SocketProcessor.doRun(NioEndpoint.java:1744)
	at org.apache.tomcat.util.net.SocketProcessorBase.run(SocketProcessorBase.java:52)
	at org.apache.tomcat.util.threads.ThreadPoolExecutor.runWorker(ThreadPoolExecutor.java:1191)
	at org.apache.tomcat.util.threads.ThreadPoolExecutor$Worker.run(ThreadPoolExecutor.java:659)
	at org.apache.tomcat.util.threads.TaskThread$WrappingRunnable.run(TaskThread.java:61)
	at java.base/java.lang.Thread.run(Thread.java:833)
18:00:23.140 [http-nio-8080-exec-1] INFO  c.e.f.h.s.i.GCPFileHandleServiceImpl - Delete file method
18:00:23.355 [http-nio-8080-exec-1] INFO  c.e.f.h.s.i.GCPFileHandleServiceImpl - Deleted successfully
18:00:23.494 [http-nio-8080-exec-2] INFO  c.e.f.h.s.i.GCPFileHandleServiceImpl - List of files method
18:00:25.343 [http-nio-8080-exec-6] INFO  c.e.f.h.s.i.GCPFileHandleServiceImpl - Delete file method
18:00:25.536 [http-nio-8080-exec-6] INFO  c.e.f.h.s.i.GCPFileHandleServiceImpl - Deleted successfully
18:00:25.561 [http-nio-8080-exec-7] INFO  c.e.f.h.s.i.GCPFileHandleServiceImpl - List of files method
18:00:26.095 [http-nio-8080-exec-9] INFO  c.e.f.h.s.i.GCPFileHandleServiceImpl - Delete file method
18:00:26.308 [http-nio-8080-exec-9] INFO  c.e.f.h.s.i.GCPFileHandleServiceImpl - Deleted successfully
18:00:26.327 [http-nio-8080-exec-10] INFO  c.e.f.h.s.i.GCPFileHandleServiceImpl - List of files method
18:43:45.719 [http-nio-8080-exec-1] WARN  o.s.w.s.m.s.DefaultHandlerExceptionResolver - Resolved [org.springframework.web.method.annotation.MethodArgumentTypeMismatchException: Failed to convert value of type 'java.lang.String' to required type 'com.example.file.handle.util.enumerate.ServiceType'; Failed to convert from type [java.lang.String] to type [@org.springframework.web.bind.annotation.RequestParam com.example.file.handle.util.enumerate.ServiceType] for value [1]]
18:43:45.719 [http-nio-8080-exec-2] WARN  o.s.w.s.m.s.DefaultHandlerExceptionResolver - Resolved [org.springframework.web.method.annotation.MethodArgumentTypeMismatchException: Failed to convert value of type 'java.lang.String' to required type 'com.example.file.handle.util.enumerate.ServiceType'; Failed to convert from type [java.lang.String] to type [@org.springframework.web.bind.annotation.RequestParam com.example.file.handle.util.enumerate.ServiceType] for value [1]]
18:43:46.921 [http-nio-8080-exec-4] WARN  o.s.w.s.m.s.DefaultHandlerExceptionResolver - Resolved [org.springframework.web.method.annotation.MethodArgumentTypeMismatchException: Failed to convert value of type 'java.lang.String' to required type 'com.example.file.handle.util.enumerate.ServiceType'; Failed to convert from type [java.lang.String] to type [@org.springframework.web.bind.annotation.RequestParam com.example.file.handle.util.enumerate.ServiceType] for value [1]]
18:43:58.413 [http-nio-8080-exec-5] WARN  o.s.w.s.m.s.DefaultHandlerExceptionResolver - Resolved [org.springframework.web.method.annotation.MethodArgumentTypeMismatchException: Failed to convert value of type 'java.lang.String' to required type 'com.example.file.handle.util.enumerate.ServiceType'; Failed to convert from type [java.lang.String] to type [@org.springframework.web.bind.annotation.RequestParam com.example.file.handle.util.enumerate.ServiceType] for value [1]]
18:46:34.853 [http-nio-8080-exec-6] WARN  o.s.w.s.m.s.DefaultHandlerExceptionResolver - Resolved [org.springframework.web.method.annotation.MethodArgumentTypeMismatchException: Failed to convert value of type 'java.lang.String' to required type 'com.example.file.handle.util.enumerate.ServiceType'; Failed to convert from type [java.lang.String] to type [@org.springframework.web.bind.annotation.RequestParam com.example.file.handle.util.enumerate.ServiceType] for value [1]]
18:46:35.722 [http-nio-8080-exec-7] WARN  o.s.w.s.m.s.DefaultHandlerExceptionResolver - Resolved [org.springframework.web.method.annotation.MethodArgumentTypeMismatchException: Failed to convert value of type 'java.lang.String' to required type 'com.example.file.handle.util.enumerate.ServiceType'; Failed to convert from type [java.lang.String] to type [@org.springframework.web.bind.annotation.RequestParam com.example.file.handle.util.enumerate.ServiceType] for value [1]]
18:46:40.813 [http-nio-8080-exec-8] WARN  o.s.w.s.m.s.DefaultHandlerExceptionResolver - Resolved [org.springframework.web.method.annotation.MethodArgumentTypeMismatchException: Failed to convert value of type 'java.lang.String' to required type 'com.example.file.handle.util.enumerate.ServiceType'; Failed to convert from type [java.lang.String] to type [@org.springframework.web.bind.annotation.RequestParam com.example.file.handle.util.enumerate.ServiceType] for value [1]]
18:50:47.770 [http-nio-8080-exec-9] INFO  c.e.f.h.s.i.GCPFileHandleServiceImpl - List of files method
18:51:02.742 [http-nio-8080-exec-3] INFO  c.e.f.h.s.i.GCPFileHandleServiceImpl - Upload file method
18:51:03.618 [http-nio-8080-exec-3] INFO  c.e.f.h.s.i.GCPFileHandleServiceImpl - Uploaded successfully
